<?xml version="1.0" encoding="UTF-8"?>
<!-- Generated by org.testng.reporters.JUnitReportReporter -->
<testsuite hostname="LAPTOP-JCNGABEJ" failures="0" tests="2" name="com.automation.testcases.CRMLogin" time="11.430" errors="0" timestamp="2021-10-06T20:42:08 CDT" skipped="0">
  <testcase classname="com.automation.testcases.CRMLogin" name="f" time="0.013"/>
  <system-out>
    <![CDATA[Welcome to CRM Login Test Case]]>
  </system-out>
  <testcase classname="com.automation.testcases.CRMLogin" name="loginapp" time="11.417"/>
  <system-out>
    <![CDATA[Page url : OrangeHRM
Username value is entered
Password value is entered
Submit button is entered]]>
  </system-out>
</testsuite> <!-- com.automation.testcases.CRMLogin -->
